# JRE version: OpenJDK Runtime Environment (8.0_152-b01) (build 1.8.0_152-release-915-b01)
# Java VM: OpenJDK 64-Bit Server VM (25.152-b01 mixed mode windows-amd64 compressed oops)
Heap:
 PSYoungGen      total 290304K, used 244672K [0x000000076ab00000, 0x0000000790f00000, 0x00000007c0000000)
  eden space 260608K, 93% used [0x000000076ab00000,0x00000007799f00a8,0x000000077a980000)
  from space 29696K, 0% used [0x000000077a980000,0x000000077a980000,0x000000077c680000)
  to   space 52736K, 0% used [0x000000078db80000,0x000000078db80000,0x0000000790f00000)
 ParOldGen       total 87552K, used 87503K [0x00000006c0000000, 0x00000006c5580000, 0x000000076ab00000)
  object space 87552K, 99% used [0x00000006c0000000,0x00000006c5573c00,0x00000006c5580000)
 Metaspace       used 6690K, capacity 7384K, committed 7680K, reserved 1056768K
  class space    used 613K, capacity 656K, committed 768K, reserved 1048576K
GC Heap History (10 events):
Event: 3.394 GC heap before
{Heap before GC invocations=5 (full 0):
 PSYoungGen      total 138240K, used 138218K [0x000000076ab00000, 0x0000000773700000, 0x00000007c0000000)
  eden space 133120K, 100% used [0x000000076ab00000,0x0000000772d00000,0x0000000772d00000)
  from space 5120K, 99% used [0x0000000773200000,0x00000007736fabf8,0x0000000773700000)
  to   space 5120K, 0% used [0x0000000772d00000,0x0000000772d00000,0x0000000773200000)
 ParOldGen       total 87552K, used 10322K [0x00000006c0000000, 0x00000006c5580000, 0x000000076ab00000)
  object space 87552K, 11% used [0x00000006c0000000,0x00000006c0a148c0,0x00000006c5580000)
 Metaspace       used 6540K, capacity 7256K, committed 7424K, reserved 1056768K
  class space    used 613K, capacity 656K, committed 768K, reserved 1048576K
Event: 3.449 GC heap after
Heap after GC invocations=5 (full 0):
 PSYoungGen      total 138240K, used 5116K [0x000000076ab00000, 0x000000077de00000, 0x00000007c0000000)
  eden space 133120K, 0% used [0x000000076ab00000,0x000000076ab00000,0x0000000772d00000)
  from space 5120K, 99% used [0x0000000772d00000,0x00000007731ff1b8,0x0000000773200000)
  to   space 24064K, 0% used [0x000000077c680000,0x000000077c680000,0x000000077de00000)
 ParOldGen       total 87552K, used 29018K [0x00000006c0000000, 0x00000006c5580000, 0x000000076ab00000)
  object space 87552K, 33% used [0x00000006c0000000,0x00000006c1c56b70,0x00000006c5580000)
 Metaspace       used 6540K, capacity 7256K, committed 7424K, reserved 1056768K
  class space    used 613K, capacity 656K, committed 768K, reserved 1048576K
}
Event: 4.187 GC heap before
{Heap before GC invocations=6 (full 0):
 PSYoungGen      total 138240K, used 138236K [0x000000076ab00000, 0x000000077de00000, 0x00000007c0000000)
  eden space 133120K, 100% used [0x000000076ab00000,0x0000000772d00000,0x0000000772d00000)
  from space 5120K, 99% used [0x0000000772d00000,0x00000007731ff1b8,0x0000000773200000)
  to   space 24064K, 0% used [0x000000077c680000,0x000000077c680000,0x000000077de00000)
 ParOldGen       total 87552K, used 29018K [0x00000006c0000000, 0x00000006c5580000, 0x000000076ab00000)
  object space 87552K, 33% used [0x00000006c0000000,0x00000006c1c56b70,0x00000006c5580000)
 Metaspace       used 6629K, capacity 7384K, committed 7680K, reserved 1056768K
  class space    used 613K, capacity 656K, committed 768K, reserved 1048576K
Event: 4.262 GC heap after
Heap after GC invocations=6 (full 0):
 PSYoungGen      total 284672K, used 24055K [0x000000076ab00000, 0x000000077e900000, 0x00000007c0000000)
  eden space 260608K, 0% used [0x000000076ab00000,0x000000076ab00000,0x000000077a980000)
  from space 24064K, 99% used [0x000000077c680000,0x000000077ddfde40,0x000000077de00000)
  to   space 29696K, 0% used [0x000000077a980000,0x000000077a980000,0x000000077c680000)
 ParOldGen       total 87552K, used 29068K [0x00000006c0000000, 0x00000006c5580000, 0x000000076ab00000)
  object space 87552K, 33% used [0x00000006c0000000,0x00000006c1c63270,0x00000006c5580000)
 Metaspace       used 6629K, capacity 7384K, committed 7680K, reserved 1056768K
  class space    used 613K, capacity 656K, committed 768K, reserved 1048576K
}
Event: 6.013 GC heap before
{Heap before GC invocations=7 (full 0):
 PSYoungGen      total 284672K, used 284663K [0x000000076ab00000, 0x000000077e900000, 0x00000007c0000000)
  eden space 260608K, 100% used [0x000000076ab00000,0x000000077a980000,0x000000077a980000)
  from space 24064K, 99% used [0x000000077c680000,0x000000077ddfde40,0x000000077de00000)
  to   space 29696K, 0% used [0x000000077a980000,0x000000077a980000,0x000000077c680000)
 ParOldGen       total 87552K, used 29068K [0x00000006c0000000, 0x00000006c5580000, 0x000000076ab00000)
  object space 87552K, 33% used [0x00000006c0000000,0x00000006c1c63270,0x00000006c5580000)
 Metaspace       used 6671K, capacity 7384K, committed 7680K, reserved 1056768K
  class space    used 613K, capacity 656K, committed 768K, reserved 1048576K
Event: 6.184 GC heap after
Heap after GC invocations=7 (full 0):
 PSYoungGen      total 290304K, used 29693K [0x000000076ab00000, 0x0000000790f00000, 0x00000007c0000000)
  eden space 260608K, 0% used [0x000000076ab00000,0x000000076ab00000,0x000000077a980000)
  from space 29696K, 99% used [0x000000077a980000,0x000000077c67f608,0x000000077c680000)
  to   space 52736K, 0% used [0x000000078db80000,0x000000078db80000,0x0000000790f00000)
 ParOldGen       total 87552K, used 63247K [0x00000006c0000000, 0x00000006c5580000, 0x000000076ab00000)
  object space 87552K, 72% used [0x00000006c0000000,0x00000006c3dc3de8,0x00000006c5580000)
 Metaspace       used 6671K, capacity 7384K, committed 7680K, reserved 1056768K
  class space    used 613K, capacity 656K, committed 768K, reserved 1048576K
}
Event: 6.184 GC heap before
{Heap before GC invocations=8 (full 1):
 PSYoungGen      total 290304K, used 29693K [0x000000076ab00000, 0x0000000790f00000, 0x00000007c0000000)
  eden space 260608K, 0% used [0x000000076ab00000,0x000000076ab00000,0x000000077a980000)
  from space 29696K, 99% used [0x000000077a980000,0x000000077c67f608,0x000000077c680000)
  to   space 52736K, 0% used [0x000000078db80000,0x000000078db80000,0x0000000790f00000)
 ParOldGen       total 87552K, used 63247K [0x00000006c0000000, 0x00000006c5580000, 0x000000076ab00000)
  object space 87552K, 72% used [0x00000006c0000000,0x00000006c3dc3de8,0x00000006c5580000)
 Metaspace       used 6671K, capacity 7384K, committed 7680K, reserved 1056768K
  class space    used 613K, capacity 656K, committed 768K, reserved 1048576K
Event: 8.174 GC heap after
Heap after GC invocations=8 (full 1):
 PSYoungGen      total 290304K, used 2040K [0x000000076ab00000, 0x0000000790f00000, 0x00000007c0000000)
  eden space 260608K, 0% used [0x000000076ab00000,0x000000076ab00000,0x000000077a980000)
  from space 29696K, 6% used [0x000000077a980000,0x000000077ab7e298,0x000000077c680000)
  to   space 52736K, 0% used [0x000000078db80000,0x000000078db80000,0x0000000790f00000)
 ParOldGen       total 87552K, used 87440K [0x00000006c0000000, 0x00000006c5580000, 0x000000076ab00000)
  object space 87552K, 99% used [0x00000006c0000000,0x00000006c55641e0,0x00000006c5580000)
 Metaspace       used 6671K, capacity 7384K, committed 7680K, reserved 1056768K
  class space    used 613K, capacity 656K, committed 768K, reserved 1048576K
}
Event: 9.725 GC heap before
{Heap before GC invocations=9 (full 2):
 PSYoungGen      total 290304K, used 262648K [0x000000076ab00000, 0x0000000790f00000, 0x00000007c0000000)
  eden space 260608K, 100% used [0x000000076ab00000,0x000000077a980000,0x000000077a980000)
  from space 29696K, 6% used [0x000000077a980000,0x000000077ab7e298,0x000000077c680000)
  to   space 52736K, 0% used [0x000000078db80000,0x000000078db80000,0x0000000790f00000)
 ParOldGen       total 87552K, used 87440K [0x00000006c0000000, 0x00000006c5580000, 0x000000076ab00000)
  object space 87552K, 99% used [0x00000006c0000000,0x00000006c55641e0,0x00000006c5580000)
 Metaspace       used 6688K, capacity 7384K, committed 7680K, reserved 1056768K
  class space    used 613K, capacity 656K, committed 768K, reserved 1048576K
Event: 10.909 GC heap after
Heap after GC invocations=9 (full 2):
 PSYoungGen      total 290304K, used 33159K [0x000000076ab00000, 0x0000000790f00000, 0x00000007c0000000)
  eden space 260608K, 12% used [0x000000076ab00000,0x000000076cb61e30,0x000000077a980000)
  from space 29696K, 0% used [0x000000077a980000,0x000000077a980000,0x000000077c680000)
  to   space 52736K, 0% used [0x000000078db80000,0x000000078db80000,0x0000000790f00000)
 ParOldGen       total 87552K, used 87503K [0x00000006c0000000, 0x00000006c5580000, 0x000000076ab00000)
  object space 87552K, 99% used [0x00000006c0000000,0x00000006c5573c00,0x00000006c5580000)
 Metaspace       used 6688K, capacity 7384K, committed 7680K, reserved 1056768K
  class space    used 613K, capacity 656K, committed 768K, reserved 1048576K
}

