# JRE version: OpenJDK Runtime Environment (8.0_152-b01) (build 1.8.0_152-release-915-b01)
# Java VM: OpenJDK 64-Bit Server VM (25.152-b01 mixed mode windows-amd64 compressed oops)
Heap:
 PSYoungGen      total 479744K, used 157882K [0x000000076ab00000, 0x000000078ef00000, 0x00000007c0000000)
  eden space 441344K, 29% used [0x000000076ab00000,0x00000007729e8748,0x0000000785a00000)
  from space 38400K, 72% used [0x000000078c980000,0x000000078e4c63d8,0x000000078ef00000)
  to   space 57856K, 0% used [0x0000000789100000,0x0000000789100000,0x000000078c980000)
 ParOldGen       total 342528K, used 194294K [0x00000006c0000000, 0x00000006d4e80000, 0x000000076ab00000)
  object space 342528K, 56% used [0x00000006c0000000,0x00000006cbdbd928,0x00000006d4e80000)
 Metaspace       used 6702K, capacity 7384K, committed 7680K, reserved 1056768K
  class space    used 613K, capacity 656K, committed 768K, reserved 1048576K
GC Heap History (10 events):
Event: 4.603 GC heap before
{Heap before GC invocations=8 (full 1):
 PSYoungGen      total 289792K, used 29670K [0x000000076ab00000, 0x0000000790f00000, 0x00000007c0000000)
  eden space 260096K, 0% used [0x000000076ab00000,0x000000076ab00000,0x000000077a900000)
  from space 29696K, 99% used [0x000000077a900000,0x000000077c5f9940,0x000000077c600000)
  to   space 53248K, 0% used [0x000000078db00000,0x000000078db00000,0x0000000790f00000)
 ParOldGen       total 87552K, used 63704K [0x00000006c0000000, 0x00000006c5580000, 0x000000076ab00000)
  object space 87552K, 72% used [0x00000006c0000000,0x00000006c3e361e8,0x00000006c5580000)
 Metaspace       used 6667K, capacity 7384K, committed 7680K, reserved 1056768K
  class space    used 613K, capacity 656K, committed 768K, reserved 1048576K
Event: 5.267 GC heap after
Heap after GC invocations=8 (full 1):
 PSYoungGen      total 289792K, used 2013K [0x000000076ab00000, 0x0000000790f00000, 0x00000007c0000000)
  eden space 260096K, 0% used [0x000000076ab00000,0x000000076ab00000,0x000000077a900000)
  from space 29696K, 6% used [0x000000077a900000,0x000000077aaf75c8,0x000000077c600000)
  to   space 53248K, 0% used [0x000000078db00000,0x000000078db00000,0x0000000790f00000)
 ParOldGen       total 171520K, used 87357K [0x00000006c0000000, 0x00000006ca780000, 0x000000076ab00000)
  object space 171520K, 50% used [0x00000006c0000000,0x00000006c554f740,0x00000006ca780000)
 Metaspace       used 6667K, capacity 7384K, committed 7680K, reserved 1056768K
  class space    used 613K, capacity 656K, committed 768K, reserved 1048576K
}
Event: 6.056 GC heap before
{Heap before GC invocations=9 (full 1):
 PSYoungGen      total 289792K, used 262109K [0x000000076ab00000, 0x0000000790f00000, 0x00000007c0000000)
  eden space 260096K, 100% used [0x000000076ab00000,0x000000077a900000,0x000000077a900000)
  from space 29696K, 6% used [0x000000077a900000,0x000000077aaf75c8,0x000000077c600000)
  to   space 53248K, 0% used [0x000000078db00000,0x000000078db00000,0x0000000790f00000)
 ParOldGen       total 171520K, used 87357K [0x00000006c0000000, 0x00000006ca780000, 0x000000076ab00000)
  object space 171520K, 50% used [0x00000006c0000000,0x00000006c554f740,0x00000006ca780000)
 Metaspace       used 6685K, capacity 7384K, committed 7680K, reserved 1056768K
  class space    used 613K, capacity 656K, committed 768K, reserved 1048576K
Event: 6.138 GC heap after
Heap after GC invocations=9 (full 1):
 PSYoungGen      total 395776K, used 39690K [0x000000076ab00000, 0x0000000790200000, 0x00000007c0000000)
  eden space 355840K, 0% used [0x000000076ab00000,0x000000076ab00000,0x0000000780680000)
  from space 39936K, 99% used [0x000000078db00000,0x00000007901c29b0,0x0000000790200000)
  to   space 57856K, 0% used [0x0000000789100000,0x0000000789100000,0x000000078c980000)
 ParOldGen       total 171520K, used 87357K [0x00000006c0000000, 0x00000006ca780000, 0x000000076ab00000)
  object space 171520K, 50% used [0x00000006c0000000,0x00000006c554f740,0x00000006ca780000)
 Metaspace       used 6685K, capacity 7384K, committed 7680K, reserved 1056768K
  class space    used 613K, capacity 656K, committed 768K, reserved 1048576K
}
Event: 7.059 GC heap before
{Heap before GC invocations=10 (full 1):
 PSYoungGen      total 395776K, used 395530K [0x000000076ab00000, 0x0000000790200000, 0x00000007c0000000)
  eden space 355840K, 100% used [0x000000076ab00000,0x0000000780680000,0x0000000780680000)
  from space 39936K, 99% used [0x000000078db00000,0x00000007901c29b0,0x0000000790200000)
  to   space 57856K, 0% used [0x0000000789100000,0x0000000789100000,0x000000078c980000)
 ParOldGen       total 171520K, used 87357K [0x00000006c0000000, 0x00000006ca780000, 0x000000076ab00000)
  object space 171520K, 50% used [0x00000006c0000000,0x00000006c554f740,0x00000006ca780000)
 Metaspace       used 6691K, capacity 7384K, committed 7680K, reserved 1056768K
  class space    used 613K, capacity 656K, committed 768K, reserved 1048576K
Event: 7.183 GC heap after
Heap after GC invocations=10 (full 1):
 PSYoungGen      total 499200K, used 57829K [0x000000076ab00000, 0x000000078ef00000, 0x00000007c0000000)
  eden space 441344K, 0% used [0x000000076ab00000,0x000000076ab00000,0x0000000785a00000)
  from space 57856K, 99% used [0x0000000789100000,0x000000078c9795d0,0x000000078c980000)
  to   space 38400K, 0% used [0x000000078c980000,0x000000078c980000,0x000000078ef00000)
 ParOldGen       total 171520K, used 106737K [0x00000006c0000000, 0x00000006ca780000, 0x000000076ab00000)
  object space 171520K, 62% used [0x00000006c0000000,0x00000006c683c4c8,0x00000006ca780000)
 Metaspace       used 6691K, capacity 7384K, committed 7680K, reserved 1056768K
  class space    used 613K, capacity 656K, committed 768K, reserved 1048576K
}
Event: 8.798 GC heap before
{Heap before GC invocations=11 (full 1):
 PSYoungGen      total 499200K, used 499173K [0x000000076ab00000, 0x000000078ef00000, 0x00000007c0000000)
  eden space 441344K, 100% used [0x000000076ab00000,0x0000000785a00000,0x0000000785a00000)
  from space 57856K, 99% used [0x0000000789100000,0x000000078c9795d0,0x000000078c980000)
  to   space 38400K, 0% used [0x000000078c980000,0x000000078c980000,0x000000078ef00000)
 ParOldGen       total 171520K, used 106737K [0x00000006c0000000, 0x00000006ca780000, 0x000000076ab00000)
  object space 171520K, 62% used [0x00000006c0000000,0x00000006c683c4c8,0x00000006ca780000)
 Metaspace       used 6699K, capacity 7384K, committed 7680K, reserved 1056768K
  class space    used 613K, capacity 656K, committed 768K, reserved 1048576K
Event: 9.234 GC heap after
Heap after GC invocations=11 (full 1):
 PSYoungGen      total 479744K, used 38369K [0x000000076ab00000, 0x000000078ef00000, 0x00000007c0000000)
  eden space 441344K, 0% used [0x000000076ab00000,0x000000076ab00000,0x0000000785a00000)
  from space 38400K, 99% used [0x000000078c980000,0x000000078eef8688,0x000000078ef00000)
  to   space 57856K, 0% used [0x0000000789100000,0x0000000789100000,0x000000078c980000)
 ParOldGen       total 194560K, used 194160K [0x00000006c0000000, 0x00000006cbe00000, 0x000000076ab00000)
  object space 194560K, 99% used [0x00000006c0000000,0x00000006cbd9c048,0x00000006cbe00000)
 Metaspace       used 6699K, capacity 7384K, committed 7680K, reserved 1056768K
  class space    used 613K, capacity 656K, committed 768K, reserved 1048576K
}
Event: 9.234 GC heap before
{Heap before GC invocations=12 (full 2):
 PSYoungGen      total 479744K, used 38369K [0x000000076ab00000, 0x000000078ef00000, 0x00000007c0000000)
  eden space 441344K, 0% used [0x000000076ab00000,0x000000076ab00000,0x0000000785a00000)
  from space 38400K, 99% used [0x000000078c980000,0x000000078eef8688,0x000000078ef00000)
  to   space 57856K, 0% used [0x0000000789100000,0x0000000789100000,0x000000078c980000)
 ParOldGen       total 194560K, used 194160K [0x00000006c0000000, 0x00000006cbe00000, 0x000000076ab00000)
  object space 194560K, 99% used [0x00000006c0000000,0x00000006cbd9c048,0x00000006cbe00000)
 Metaspace       used 6699K, capacity 7384K, committed 7680K, reserved 1056768K
  class space    used 613K, capacity 656K, committed 768K, reserved 1048576K
Event: 11.151 GC heap after
Heap after GC invocations=12 (full 2):
 PSYoungGen      total 479744K, used 27928K [0x000000076ab00000, 0x000000078ef00000, 0x00000007c0000000)
  eden space 441344K, 0% used [0x000000076ab00000,0x000000076ab00000,0x0000000785a00000)
  from space 38400K, 72% used [0x000000078c980000,0x000000078e4c63d8,0x000000078ef00000)
  to   space 57856K, 0% used [0x0000000789100000,0x0000000789100000,0x000000078c980000)
 ParOldGen       total 342528K, used 194294K [0x00000006c0000000, 0x00000006d4e80000, 0x000000076ab00000)
  object space 342528K, 56% used [0x00000006c0000000,0x00000006cbdbd928,0x00000006d4e80000)
 Metaspace       used 6699K, capacity 7384K, committed 7680K, reserved 1056768K
  class space    used 613K, capacity 656K, committed 768K, reserved 1048576K
}

