# JRE version: OpenJDK Runtime Environment (8.0_152-b01) (build 1.8.0_152-release-915-b01)
# Java VM: OpenJDK 64-Bit Server VM (25.152-b01 mixed mode windows-amd64 compressed oops)
Heap:
 PSYoungGen      total 499200K, used 16427K [0x000000076ab00000, 0x000000078ed00000, 0x00000007c0000000)
  eden space 442368K, 3% used [0x000000076ab00000,0x000000076bb0acc0,0x0000000785b00000)
  from space 56832K, 0% used [0x0000000789380000,0x0000000789380000,0x000000078cb00000)
  to   space 34816K, 84% used [0x000000078cb00000,0x000000078e7cbd70,0x000000078ed00000)
 ParOldGen       total 309248K, used 189879K [0x00000006c0000000, 0x00000006d2e00000, 0x000000076ab00000)
  object space 309248K, 61% used [0x00000006c0000000,0x00000006cb96dfc8,0x00000006d2e00000)
 Metaspace       used 6685K, capacity 7352K, committed 7552K, reserved 1056768K
  class space    used 611K, capacity 624K, committed 640K, reserved 1048576K
GC Heap History (10 events):
Event: 3.944 GC heap before
{Heap before GC invocations=8 (full 1):
 PSYoungGen      total 290304K, used 29176K [0x000000076ab00000, 0x0000000791000000, 0x00000007c0000000)
  eden space 261120K, 0% used [0x000000076ab00000,0x000000076ab00000,0x000000077aa00000)
  from space 29184K, 99% used [0x000000077aa00000,0x000000077c67e0e8,0x000000077c680000)
  to   space 52736K, 0% used [0x000000078dc80000,0x000000078dc80000,0x0000000791000000)
 ParOldGen       total 87552K, used 63058K [0x00000006c0000000, 0x00000006c5580000, 0x000000076ab00000)
  object space 87552K, 72% used [0x00000006c0000000,0x00000006c3d94a88,0x00000006c5580000)
 Metaspace       used 6651K, capacity 7352K, committed 7552K, reserved 1056768K
  class space    used 610K, capacity 624K, committed 640K, reserved 1048576K
Event: 4.566 GC heap after
Heap after GC invocations=8 (full 1):
 PSYoungGen      total 290304K, used 1522K [0x000000076ab00000, 0x0000000791000000, 0x00000007c0000000)
  eden space 261120K, 0% used [0x000000076ab00000,0x000000076ab00000,0x000000077aa00000)
  from space 29184K, 5% used [0x000000077aa00000,0x000000077ab7c848,0x000000077c680000)
  to   space 52736K, 0% used [0x000000078dc80000,0x000000078dc80000,0x0000000791000000)
 ParOldGen       total 171520K, used 87182K [0x00000006c0000000, 0x00000006ca780000, 0x000000076ab00000)
  object space 171520K, 50% used [0x00000006c0000000,0x00000006c5523a98,0x00000006ca780000)
 Metaspace       used 6651K, capacity 7352K, committed 7552K, reserved 1056768K
  class space    used 610K, capacity 624K, committed 640K, reserved 1048576K
}
Event: 5.499 GC heap before
{Heap before GC invocations=9 (full 1):
 PSYoungGen      total 290304K, used 262642K [0x000000076ab00000, 0x0000000791000000, 0x00000007c0000000)
  eden space 261120K, 100% used [0x000000076ab00000,0x000000077aa00000,0x000000077aa00000)
  from space 29184K, 5% used [0x000000077aa00000,0x000000077ab7c848,0x000000077c680000)
  to   space 52736K, 0% used [0x000000078dc80000,0x000000078dc80000,0x0000000791000000)
 ParOldGen       total 171520K, used 87182K [0x00000006c0000000, 0x00000006ca780000, 0x000000076ab00000)
  object space 171520K, 50% used [0x00000006c0000000,0x00000006c5523a98,0x00000006ca780000)
 Metaspace       used 6670K, capacity 7352K, committed 7552K, reserved 1056768K
  class space    used 611K, capacity 624K, committed 640K, reserved 1048576K
Event: 5.566 GC heap after
Heap after GC invocations=9 (full 1):
 PSYoungGen      total 394240K, used 38876K [0x000000076ab00000, 0x0000000790280000, 0x00000007c0000000)
  eden space 355328K, 0% used [0x000000076ab00000,0x000000076ab00000,0x0000000780600000)
  from space 38912K, 99% used [0x000000078dc80000,0x00000007902772a8,0x0000000790280000)
  to   space 56832K, 0% used [0x0000000789380000,0x0000000789380000,0x000000078cb00000)
 ParOldGen       total 171520K, used 87190K [0x00000006c0000000, 0x00000006ca780000, 0x000000076ab00000)
  object space 171520K, 50% used [0x00000006c0000000,0x00000006c5525a98,0x00000006ca780000)
 Metaspace       used 6670K, capacity 7352K, committed 7552K, reserved 1056768K
  class space    used 611K, capacity 624K, committed 640K, reserved 1048576K
}
Event: 6.645 GC heap before
{Heap before GC invocations=10 (full 1):
 PSYoungGen      total 394240K, used 394204K [0x000000076ab00000, 0x0000000790280000, 0x00000007c0000000)
  eden space 355328K, 100% used [0x000000076ab00000,0x0000000780600000,0x0000000780600000)
  from space 38912K, 99% used [0x000000078dc80000,0x00000007902772a8,0x0000000790280000)
  to   space 56832K, 0% used [0x0000000789380000,0x0000000789380000,0x000000078cb00000)
 ParOldGen       total 171520K, used 87190K [0x00000006c0000000, 0x00000006ca780000, 0x000000076ab00000)
  object space 171520K, 50% used [0x00000006c0000000,0x00000006c5525a98,0x00000006ca780000)
 Metaspace       used 6674K, capacity 7352K, committed 7552K, reserved 1056768K
  class space    used 611K, capacity 624K, committed 640K, reserved 1048576K
Event: 6.830 GC heap after
Heap after GC invocations=10 (full 1):
 PSYoungGen      total 499200K, used 56829K [0x000000076ab00000, 0x000000078ed00000, 0x00000007c0000000)
  eden space 442368K, 0% used [0x000000076ab00000,0x000000076ab00000,0x0000000785b00000)
  from space 56832K, 99% used [0x0000000789380000,0x000000078caff6f8,0x000000078cb00000)
  to   space 34816K, 0% used [0x000000078cb00000,0x000000078cb00000,0x000000078ed00000)
 ParOldGen       total 171520K, used 104903K [0x00000006c0000000, 0x00000006ca780000, 0x000000076ab00000)
  object space 171520K, 61% used [0x00000006c0000000,0x00000006c6671f20,0x00000006ca780000)
 Metaspace       used 6674K, capacity 7352K, committed 7552K, reserved 1056768K
  class space    used 611K, capacity 624K, committed 640K, reserved 1048576K
}
Event: 8.510 GC heap before
{Heap before GC invocations=11 (full 1):
 PSYoungGen      total 499200K, used 499197K [0x000000076ab00000, 0x000000078ed00000, 0x00000007c0000000)
  eden space 442368K, 100% used [0x000000076ab00000,0x0000000785b00000,0x0000000785b00000)
  from space 56832K, 99% used [0x0000000789380000,0x000000078caff6f8,0x000000078cb00000)
  to   space 34816K, 0% used [0x000000078cb00000,0x000000078cb00000,0x000000078ed00000)
 ParOldGen       total 171520K, used 104903K [0x00000006c0000000, 0x00000006ca780000, 0x000000076ab00000)
  object space 171520K, 61% used [0x00000006c0000000,0x00000006c6671f20,0x00000006ca780000)
 Metaspace       used 6684K, capacity 7352K, committed 7552K, reserved 1056768K
  class space    used 611K, capacity 624K, committed 640K, reserved 1048576K
Event: 8.924 GC heap after
Heap after GC invocations=11 (full 1):
 PSYoungGen      total 499200K, used 499197K [0x000000076ab00000, 0x000000078ed00000, 0x00000007c0000000)
  eden space 442368K, 100% used [0x000000076ab00000,0x0000000785b00000,0x0000000785b00000)
  from space 56832K, 99% used [0x0000000789380000,0x000000078caff6f8,0x000000078cb00000)
  to   space 34816K, 99% used [0x000000078cb00000,0x000000078ecfbe58,0x000000078ed00000)
 ParOldGen       total 189952K, used 189486K [0x00000006c0000000, 0x00000006cb980000, 0x000000076ab00000)
  object space 189952K, 99% used [0x00000006c0000000,0x00000006cb90b940,0x00000006cb980000)
 Metaspace       used 6684K, capacity 7352K, committed 7552K, reserved 1056768K
  class space    used 611K, capacity 624K, committed 640K, reserved 1048576K
}
Event: 8.924 GC heap before
{Heap before GC invocations=12 (full 2):
 PSYoungGen      total 499200K, used 499197K [0x000000076ab00000, 0x000000078ed00000, 0x00000007c0000000)
  eden space 442368K, 100% used [0x000000076ab00000,0x0000000785b00000,0x0000000785b00000)
  from space 56832K, 99% used [0x0000000789380000,0x000000078caff6f8,0x000000078cb00000)
  to   space 34816K, 99% used [0x000000078cb00000,0x000000078ecfbe58,0x000000078ed00000)
 ParOldGen       total 189952K, used 189486K [0x00000006c0000000, 0x00000006cb980000, 0x000000076ab00000)
  object space 189952K, 99% used [0x00000006c0000000,0x00000006cb90b940,0x00000006cb980000)
 Metaspace       used 6684K, capacity 7352K, committed 7552K, reserved 1056768K
  class space    used 611K, capacity 624K, committed 640K, reserved 1048576K
Event: 10.615 GC heap after
Heap after GC invocations=12 (full 2):
 PSYoungGen      total 499200K, used 0K [0x000000076ab00000, 0x000000078ed00000, 0x00000007c0000000)
  eden space 442368K, 0% used [0x000000076ab00000,0x000000076ab00000,0x0000000785b00000)
  from space 56832K, 0% used [0x0000000789380000,0x0000000789380000,0x000000078cb00000)
  to   space 34816K, 84% used [0x000000078cb00000,0x000000078e7cbd70,0x000000078ed00000)
 ParOldGen       total 309248K, used 189879K [0x00000006c0000000, 0x00000006d2e00000, 0x000000076ab00000)
  object space 309248K, 61% used [0x00000006c0000000,0x00000006cb96dfc8,0x00000006d2e00000)
 Metaspace       used 6684K, capacity 7352K, committed 7552K, reserved 1056768K
  class space    used 611K, capacity 624K, committed 640K, reserved 1048576K
}

